# Logfile created on 2018-07-07 17:59:06 -0500 by logger.rb/61378
DEBUG, 2018-07-07 17:59:06 -0500| : Unmatched: ｶﾞｰﾄﾞ+ﾊﾞｰｽﾄｱｰﾏｰ
DEBUG, 2018-07-07 17:59:06 -0500| : Unmatched: GN雷効果↑
DEBUG, 2018-07-07 17:59:06 -0500| : Unmatched: 的中
DEBUG, 2018-07-07 17:59:06 -0500| : Unmatched: 予知
DEBUG, 2018-07-07 17:59:06 -0500| : Unmatched: ﾊﾞｰｽﾄﾊﾟﾘｨ+防御↑
DEBUG, 2018-07-07 17:59:06 -0500| : Unmatched: バレットアーマー
DEBUG, 2018-07-07 17:59:06 -0500| : Unmatched: フルチャージ+凍え
DEBUG, 2018-07-07 17:59:06 -0500| : Unmatched: 凍え追撃↑大
DEBUG, 2018-07-07 17:59:06 -0500| : Unmatched: ガード+体力↑
DEBUG, 2018-07-07 17:59:06 -0500| : Unmatched: 喧嘩上等
DEBUG, 2018-07-07 17:59:06 -0500| : Unmatched: フルチャージ+防御
DEBUG, 2018-07-07 17:59:06 -0500| : Unmatched: ST火効果↑中
DEBUG, 2018-07-07 17:59:06 -0500| : Unmatched: インファイト+体
DEBUG, 2018-07-07 17:59:06 -0500| : Unmatched: 状態異常無効
DEBUG, 2018-07-07 17:59:06 -0500| : Unmatched: リジェネ・大
DEBUG, 2018-07-07 17:59:06 -0500| : Unmatched: AH動物体力↑
DEBUG, 2018-07-07 17:59:06 -0500| : Unmatched: ガード+スタン
DEBUG, 2018-07-07 17:59:06 -0500| : Unmatched: AH王族攻撃↑
DEBUG, 2018-07-07 17:59:06 -0500| : Unmatched: 必殺装填×３
DEBUG, 2018-07-07 17:59:06 -0500| : Unmatched: AH動物攻撃↑
DEBUG, 2018-07-07 17:59:06 -0500| : Unmatched: ガード+堅守
DEBUG, 2018-07-07 17:59:06 -0500| : Unmatched: 会心・大
DEBUG, 2018-07-07 17:59:06 -0500| : Unmatched: コンボ攻撃↑大
DEBUG, 2018-07-07 17:59:06 -0500| : Unmatched: 悠久の刻
DEBUG, 2018-07-07 17:59:06 -0500| : Unmatched: ｲﾝﾌｧｲﾄ+ｽﾀﾝ
DEBUG, 2018-07-07 17:59:06 -0500| : Unmatched: 美獣
DEBUG, 2018-07-07 17:59:06 -0500| : Unmatched: 悲哀
DEBUG, 2018-07-07 17:59:06 -0500| : Unmatched: ガード+攻撃↑
DEBUG, 2018-07-07 17:59:06 -0500| : Unmatched: 撃砕
DEBUG, 2018-07-07 17:59:06 -0500| : Unmatched: 闇効果↑大
DEBUG, 2018-07-07 17:59:06 -0500| : Unmatched: 殲滅
DEBUG, 2018-07-07 17:59:06 -0500| : Unmatched: ロング攻撃↑大
DEBUG, 2018-07-07 17:59:06 -0500| : Unmatched: GN火効果↑
DEBUG, 2018-07-07 17:59:06 -0500| : Unmatched: 撃破攻撃↑大
DEBUG, 2018-07-07 17:59:06 -0500| : Unmatched: Wave全体回復・大
DEBUG, 2018-07-07 17:59:06 -0500| : Unmatched: マジカルナイト
DEBUG, 2018-07-07 17:59:06 -0500| : Unmatched: バースト攻撃↑大
DEBUG, 2018-07-07 17:59:06 -0500| : Unmatched: リジェネ・中
DEBUG, 2018-07-07 17:59:06 -0500| : Unmatched: スタン効果・大
DEBUG, 2018-07-07 17:59:06 -0500| : Unmatched: 接触攻撃↑大
DEBUG, 2018-07-07 17:59:06 -0500| : Unmatched: 火傷効果・大
DEBUG, 2018-07-07 17:59:06 -0500| : Unmatched: ﾛｲﾔﾙｽﾄﾚｰﾄﾌﾗｯｼｭ
DEBUG, 2018-07-07 17:59:06 -0500| : Unmatched: パリィ+スタン
DEBUG, 2018-07-07 17:59:06 -0500| : Unmatched: ジャイアントキル
DEBUG, 2018-07-07 17:59:06 -0500| : Unmatched: ガード+光効果↑
DEBUG, 2018-07-07 17:59:06 -0500| : Unmatched: Wave必殺装填・大
DEBUG, 2018-07-07 17:59:06 -0500| : Unmatched: 粛清
DEBUG, 2018-07-07 17:59:06 -0500| : Unmatched: ガード+防御↑
DEBUG, 2018-07-07 17:59:06 -0500| : Unmatched: 移動速度↑大
DEBUG, 2018-07-07 17:59:06 -0500| : Unmatched: 凍え強化
DEBUG, 2018-07-07 17:59:06 -0500| : Unmatched: 氷の心
DEBUG, 2018-07-07 17:59:06 -0500| : Unmatched: 執念
DEBUG, 2018-07-07 17:59:06 -0500| : Unmatched: 逆境の愛
DEBUG, 2018-07-07 17:59:06 -0500| : Unmatched: 追撃↑大
DEBUG, 2018-07-07 17:59:06 -0500| : Unmatched: 隠し棘
DEBUG, 2018-07-07 17:59:06 -0500| : Unmatched: インファイト+灰塵
DEBUG, 2018-07-07 17:59:06 -0500| : Unmatched: 火傷追撃↑大
DEBUG, 2018-07-07 17:59:06 -0500| : Unmatched: Wave緊急回復・大
DEBUG, 2018-07-07 17:59:06 -0500| : Unmatched: スノーベール
DEBUG, 2018-07-07 17:59:06 -0500| : Unmatched: 麻痺効果・大
DEBUG, 2018-07-07 17:59:06 -0500| : Unmatched: ガード+雷効果↑
DEBUG, 2018-07-07 17:59:06 -0500| : Unmatched: 麻痺追撃↑大
DEBUG, 2018-07-07 17:59:06 -0500| : Unmatched: ﾌﾙﾁｬｰｼﾞ+ｽﾀﾝ
DEBUG, 2018-07-07 17:59:06 -0500| : Unmatched: コンボ作戦
DEBUG, 2018-07-07 17:59:06 -0500| : Unmatched: 攻撃↑小
DEBUG, 2018-07-07 17:59:06 -0500| : Unmatched: コンボ攻撃↑小
DEBUG, 2018-07-07 17:59:06 -0500| : Unmatched: インファイト
DEBUG, 2018-07-07 17:59:06 -0500| : Unmatched: DF防御↑小
DEBUG, 2018-07-07 17:59:06 -0500| : Unmatched: フルチャージ
DEBUG, 2018-07-07 17:59:06 -0500| : Unmatched: 移動速度↑小
DEBUG, 2018-07-07 17:59:06 -0500| : Unmatched: 闇効果↑小
DEBUG, 2018-07-07 17:59:06 -0500| : Unmatched: 撃破HP回復・小
DEBUG, 2018-07-07 17:59:06 -0500| : Unmatched: ガード
DEBUG, 2018-07-07 17:59:06 -0500| : Unmatched: 初撃↑小
DEBUG, 2018-07-07 17:59:06 -0500| : Unmatched: 光効果↑中
DEBUG, 2018-07-07 17:59:06 -0500| : Unmatched: ヘビーUP
DEBUG, 2018-07-07 17:59:06 -0500| : Unmatched: 闘級経験値↑中
DEBUG, 2018-07-07 17:59:06 -0500| : Unmatched: 雷効果↑中
DEBUG, 2018-07-07 17:59:06 -0500| : Unmatched: バレット攻撃↑小
DEBUG, 2018-07-07 17:59:06 -0500| : Unmatched: 闇効果↑中
DEBUG, 2018-07-07 17:59:06 -0500| : Unmatched: 補助効果延長・中
DEBUG, 2018-07-07 17:59:06 -0500| : Unmatched: Wave攻撃↑中
DEBUG, 2018-07-07 17:59:06 -0500| : Unmatched: 経験値↑中
DEBUG, 2018-07-07 17:59:06 -0500| : Unmatched: ロング攻撃↑小
DEBUG, 2018-07-07 17:59:06 -0500| : Unmatched: 追撃↑小
DEBUG, 2018-07-07 17:59:06 -0500| : Unmatched: 背後攻撃↑小
DEBUG, 2018-07-07 17:59:06 -0500| : Unmatched: 接触攻撃↑小
DEBUG, 2018-07-07 17:59:06 -0500| : Unmatched: 攻撃必殺装填・小
DEBUG, 2018-07-07 17:59:06 -0500| : Unmatched: ドロップ↑中
DEBUG, 2018-07-07 17:59:06 -0500| : Unmatched: リジェネ・小
DEBUG, 2018-07-07 17:59:06 -0500| : Unmatched: 氷効果↑小
DEBUG, 2018-07-07 17:59:06 -0500| : Unmatched: GOLD↑中
DEBUG, 2018-07-07 17:59:06 -0500| : Unmatched: Wave必殺装填・小
DEBUG, 2018-07-07 17:59:06 -0500| : Unmatched: 攻撃必殺効果↑中
DEBUG, 2018-07-07 17:59:06 -0500| : Unmatched: 必殺装填×２
DEBUG, 2018-07-07 17:59:06 -0500| : Unmatched: ロング攻撃↑中
DEBUG, 2018-07-07 17:59:06 -0500| : Unmatched: PT回復量↑中
DEBUG, 2018-07-07 17:59:06 -0500| : Unmatched: フルチャージ+移動
DEBUG, 2018-07-07 17:59:06 -0500| : Unmatched: PTﾊﾞﾚｯﾄ攻撃↑小
DEBUG, 2018-07-07 17:59:06 -0500| : Unmatched: Wave必殺装填・中
DEBUG, 2018-07-07 17:59:06 -0500| : Unmatched: フルチャージ+火
DEBUG, 2018-07-07 17:59:06 -0500| : Unmatched: ピンチ強化↑大
DEBUG, 2018-07-07 17:59:06 -0500| : Unmatched: AT攻撃↑中
DEBUG, 2018-07-07 17:59:06 -0500| : Unmatched: 毒効果・大
DEBUG, 2018-07-07 17:59:06 -0500| : Unmatched: 毒強化
DEBUG, 2018-07-07 17:59:06 -0500| : Unmatched: DF攻撃↑中
DEBUG, 2018-07-07 17:59:06 -0500| : Unmatched: 攻撃必殺効果↑大
DEBUG, 2018-07-07 17:59:06 -0500| : Unmatched: ガード+氷効果↑
DEBUG, 2018-07-07 17:59:06 -0500| : Unmatched: 氷効果↑大
DEBUG, 2018-07-07 17:59:06 -0500| : Unmatched: 体力最大攻撃↑大
DEBUG, 2018-07-07 17:59:06 -0500| : Unmatched: PT火効果↑中
DEBUG, 2018-07-07 17:59:06 -0500| : Unmatched: パリィ+攻撃↑
DEBUG, 2018-07-07 17:59:06 -0500| : Unmatched: 通常攻撃効果↑大
DEBUG, 2018-07-07 17:59:06 -0500| : Unmatched: AT闇効果↑中
DEBUG, 2018-07-07 17:59:06 -0500| : Unmatched: インファイト+雷
DEBUG, 2018-07-07 17:59:06 -0500| : Unmatched: PT接触攻撃↑小
DEBUG, 2018-07-07 17:59:06 -0500| : Unmatched: DF光効果↑中
DEBUG, 2018-07-07 17:59:06 -0500| : Unmatched: ST攻撃↑中
DEBUG, 2018-07-07 17:59:06 -0500| : Unmatched: HL攻撃↑中
DEBUG, 2018-07-07 17:59:06 -0500| : Unmatched: 光効果↑大
DEBUG, 2018-07-07 17:59:06 -0500| : Unmatched: 撃破HP回復・大
DEBUG, 2018-07-07 17:59:06 -0500| : Unmatched: GN闇効果↑
DEBUG, 2018-07-07 17:59:06 -0500| : Unmatched: GN光効果↑
DEBUG, 2018-07-07 17:59:06 -0500| : Unmatched: 排除
DEBUG, 2018-07-07 17:59:06 -0500| : Unmatched: ガード+闇効果↑
DEBUG, 2018-07-07 17:59:06 -0500| : Unmatched: 虚勢
DEBUG, 2018-07-07 17:59:06 -0500| : Unmatched: 雷効果↑大
DEBUG, 2018-07-07 17:59:06 -0500| : Unmatched: 雷壁
DEBUG, 2018-07-07 17:59:06 -0500| : Unmatched: ガード+凍え
DEBUG, 2018-07-07 17:59:06 -0500| : Unmatched: ホーリーナイト
DEBUG, 2018-07-07 17:59:06 -0500| : Unmatched: 毒追撃↑大
DEBUG, 2018-07-07 17:59:06 -0500| : Unmatched: フルチャージ+攻撃
DEBUG, 2018-07-07 17:59:06 -0500| : Unmatched: 勇猛
DEBUG, 2018-07-07 17:59:06 -0500| : Unmatched: 野心
DEBUG, 2018-07-07 17:59:06 -0500| : Unmatched: 陰鬱
DEBUG, 2018-07-07 17:59:06 -0500| : Unmatched: 盲信
DEBUG, 2018-07-07 17:59:06 -0500| : Unmatched: 癒しの薔薇
DEBUG, 2018-07-07 17:59:06 -0500| : Unmatched: 渇求
DEBUG, 2018-07-07 17:59:06 -0500| : Unmatched: インファイト+光
DEBUG, 2018-07-07 17:59:06 -0500| : Unmatched: 猛追
DEBUG, 2018-07-07 17:59:06 -0500| : Unmatched: ガード+火傷
DEBUG, 2018-07-07 17:59:06 -0500| : Unmatched: 火効果↑大
DEBUG, 2018-07-07 17:59:06 -0500| : Unmatched: 凍え効果・大
DEBUG, 2018-07-07 17:59:06 -0500| : Unmatched: 暗躍
DEBUG, 2018-07-07 17:59:06 -0500| : Unmatched: 剣聖
DEBUG, 2018-07-07 17:59:06 -0500| : Unmatched: マッド・ティーPT
DEBUG, 2018-07-07 17:59:06 -0500| : Unmatched: ランタンの炎
DEBUG, 2018-07-07 17:59:06 -0500| : Unmatched: 会心の一撃！！
DEBUG, 2018-07-07 17:59:06 -0500| : Unmatched: 攻撃HP回復・大
DEBUG, 2018-07-07 17:59:06 -0500| : Unmatched: フルチャージ+灰塵
DEBUG, 2018-07-07 17:59:06 -0500| : Unmatched: インファイト+毒
DEBUG, 2018-07-07 17:59:06 -0500| : Unmatched: 悲劇
DEBUG, 2018-07-07 17:59:06 -0500| : Unmatched: ガード+腐毒
DEBUG, 2018-07-07 17:59:06 -0500| : Unmatched: スタート防御↑大
DEBUG, 2018-07-07 17:59:06 -0500| : Unmatched: スタン追撃↑大
DEBUG, 2018-07-07 17:59:06 -0500| : Unmatched: スタート攻撃↑大
DEBUG, 2018-07-07 17:59:06 -0500| : Unmatched: PT体力↑中
DEBUG, 2018-07-07 17:59:06 -0500| : Unmatched: インファイト+攻
DEBUG, 2018-07-07 17:59:06 -0500| : Unmatched: バトルシェード
DEBUG, 2018-07-07 17:59:06 -0500| : Unmatched: ビッグWave
DEBUG, 2018-07-07 17:59:06 -0500| : Unmatched: フルチャージ+光
DEBUG, 2018-07-07 17:59:06 -0500| : Unmatched: ウェイクアップ！
DEBUG, 2018-07-07 17:59:06 -0500| : Unmatched: 反撃ロゼット
DEBUG, 2018-07-07 17:59:06 -0500| : Unmatched: 抵抗ロゼット
DEBUG, 2018-07-07 17:59:06 -0500| : Unmatched: 悲劇の予兆
DEBUG, 2018-07-07 17:59:06 -0500| : Unmatched: インファイト+氷
DEBUG, 2018-07-07 17:59:06 -0500| : Unmatched: 背後攻撃↑大
DEBUG, 2018-07-07 17:59:06 -0500| : Unmatched: 補助効果延長・大
DEBUG, 2018-07-07 17:59:06 -0500| : Unmatched: マネーアップ
DEBUG, 2018-07-07 17:59:06 -0500| : Unmatched: 臨機応変
DEBUG, 2018-07-07 17:59:06 -0500| : Unmatched: 自棄
DEBUG, 2018-07-07 17:59:06 -0500| : Unmatched: ガード+狂雷
DEBUG, 2018-07-07 17:59:06 -0500| : Unmatched: リジェネ・傲慢
DEBUG, 2018-07-07 17:59:06 -0500| : Unmatched: ガード+火効果↑
DEBUG, 2018-07-07 17:59:06 -0500| : Unmatched: フルチャージ+体力
DEBUG, 2018-07-07 17:59:06 -0500| : Unmatched: 不屈
DEBUG, 2018-07-07 17:59:06 -0500| : Unmatched: イリュージョン
DEBUG, 2018-07-07 17:59:06 -0500| : Unmatched: ドロップ↑大
DEBUG, 2018-07-07 17:59:06 -0500| : Unmatched: 純愛スナイパー
DEBUG, 2018-07-07 17:59:06 -0500| : Unmatched: インファイト+火
DEBUG, 2018-07-07 17:59:06 -0500| : Unmatched: 仙人の境地
DEBUG, 2018-07-07 17:59:06 -0500| : Unmatched: バーストアーマー
DEBUG, 2018-07-07 17:59:06 -0500| : Unmatched: 初撃↑大
DEBUG, 2018-07-07 17:59:06 -0500| : Unmatched: 必殺技効果↑大
DEBUG, 2018-07-07 17:59:06 -0500| : Unmatched: ヒートブレイズ
DEBUG, 2018-07-07 17:59:06 -0500| : Unmatched: 電光石火
DEBUG, 2018-07-07 17:59:06 -0500| : Unmatched: もふもふ
DEBUG, 2018-07-07 17:59:06 -0500| : Unmatched: アイスブレード
DEBUG, 2018-07-07 17:59:06 -0500| : Unmatched: 麻痺強化
DEBUG, 2018-07-07 17:59:06 -0500| : Unmatched: フローラルガード
DEBUG, 2018-07-07 17:59:06 -0500| : Unmatched: 苦難の愛
DEBUG, 2018-07-07 17:59:06 -0500| : Unmatched: ラァァブアタック
DEBUG, 2018-07-07 17:59:06 -0500| : Unmatched: インファイト+移
DEBUG, 2018-07-07 17:59:06 -0500| : Unmatched: 幻想の炎
DEBUG, 2018-07-07 17:59:06 -0500| : Unmatched: 火傷強化
DEBUG, 2018-07-07 17:59:06 -0500| : Unmatched: エメラルドエッジ
DEBUG, 2018-07-07 17:59:06 -0500| : Unmatched: ターミネート
DEBUG, 2018-07-07 17:59:06 -0500| : Unmatched: ピンチ攻撃↑大
DEBUG, 2018-07-07 17:59:06 -0500| : Unmatched: 死神の契約
DEBUG, 2018-07-07 17:59:06 -0500| : Unmatched: AT体力↑大
DEBUG, 2018-07-07 17:59:06 -0500| : Unmatched: Wave攻撃↑大
DEBUG, 2018-07-07 17:59:06 -0500| : Unmatched: インファイト+防
DEBUG, 2018-07-07 17:59:06 -0500| : Unmatched: ガード+移動↑
DEBUG, 2018-07-07 17:59:06 -0500| : Unmatched: 弟子思い
DEBUG, 2018-07-07 17:59:06 -0500| : Unmatched: ST移動速度↑中
DEBUG, 2018-07-07 17:59:06 -0500| : Unmatched: ガード+暴力
DEBUG, 2018-07-07 17:59:06 -0500| : Unmatched: 接触防御↑大
DEBUG, 2018-07-07 17:59:06 -0500| : Unmatched: 仮面
DEBUG, 2018-07-07 17:59:06 -0500| : Unmatched: バースト防御↑大
DEBUG, 2018-07-07 17:59:06 -0500| : Unmatched: たまご肌
DEBUG, 2018-07-07 17:59:06 -0500| : Unmatched: 命知らず
DEBUG, 2018-07-07 17:59:06 -0500| : Unmatched: 極寒
DEBUG, 2018-07-07 17:59:06 -0500| : Unmatched: いたずらマニア
DEBUG, 2018-07-07 17:59:06 -0500| : Unmatched: 凍え効果・中
DEBUG, 2018-07-07 17:59:06 -0500| : Unmatched: ピンチ強化↑中
DEBUG, 2018-07-07 17:59:06 -0500| : Unmatched: 攻撃中防御↑中
DEBUG, 2018-07-07 17:59:06 -0500| : Unmatched: ダークサイド
DEBUG, 2018-07-07 17:59:06 -0500| : Unmatched: 攻撃↑大
DEBUG, 2018-07-07 17:59:06 -0500| : Unmatched: アイスワルツ
DEBUG, 2018-07-07 17:59:06 -0500| : Unmatched: 氷耐性↑大
DEBUG, 2018-07-07 17:59:06 -0500| : Unmatched: 奇襲
DEBUG, 2018-07-07 17:59:06 -0500| : Unmatched: 暴食
DEBUG, 2018-07-07 17:59:06 -0500| : Unmatched: ガード+獄炎
DEBUG, 2018-07-07 17:59:06 -0500| : Unmatched: 冷酷
DEBUG, 2018-07-07 17:59:06 -0500| : Unmatched: 初撃↑中
DEBUG, 2018-07-07 17:59:06 -0500| : Unmatched: 必殺技効果↑中
DEBUG, 2018-07-07 17:59:06 -0500| : Unmatched: 天賦の才
DEBUG, 2018-07-07 17:59:06 -0500| : Unmatched: 攻撃中防御↑大
DEBUG, 2018-07-07 17:59:06 -0500| : Unmatched: ブレイヴベール
DEBUG, 2018-07-07 17:59:06 -0500| : Unmatched: フルムーン
DEBUG, 2018-07-07 17:59:06 -0500| : Unmatched: 氷効果↑中
DEBUG, 2018-07-07 17:59:06 -0500| : Unmatched: 凍え追撃↑中
DEBUG, 2018-07-07 17:59:06 -0500| : Unmatched: 追撃↑中
DEBUG, 2018-07-07 17:59:06 -0500| : Unmatched: 背後攻撃↑中
DEBUG, 2018-07-07 17:59:06 -0500| : Unmatched: ピンチ移動↑大
DEBUG, 2018-07-07 17:59:06 -0500| : Unmatched: トリックスター
DEBUG, 2018-07-07 17:59:06 -0500| : Unmatched: 妖精妃の英知
DEBUG, 2018-07-07 17:59:06 -0500| : Unmatched: 妖精王の威光
DEBUG, 2018-07-07 17:59:06 -0500| : Unmatched: オールナイト
DEBUG, 2018-07-07 17:59:06 -0500| : Unmatched: マジックアワー
DEBUG, 2018-07-07 17:59:06 -0500| : Unmatched: HL体力↑中
DEBUG, 2018-07-07 17:59:06 -0500| : Unmatched: ピンチ攻撃↑中
DEBUG, 2018-07-07 17:59:06 -0500| : Unmatched: 麻痺効果・中
DEBUG, 2018-07-07 17:59:06 -0500| : Unmatched: 攻撃↑中
DEBUG, 2018-07-07 17:59:06 -0500| : Unmatched: コンボ攻撃↑中
DEBUG, 2018-07-07 17:59:06 -0500| : Unmatched: 麻痺追撃↑中
DEBUG, 2018-07-07 17:59:06 -0500| : Unmatched: 火傷追撃↑中
DEBUG, 2018-07-07 17:59:06 -0500| : Unmatched: お調子者
DEBUG, 2018-07-07 17:59:06 -0500| : Unmatched: 撃破HP回復・中
DEBUG, 2018-07-07 17:59:06 -0500| : Unmatched: Wave緊急回復・中
DEBUG, 2018-07-07 17:59:06 -0500| : Unmatched: PT闇耐性↑中
DEBUG, 2018-07-07 17:59:06 -0500| : Unmatched: 体力↑中
DEBUG, 2018-07-07 17:59:06 -0500| : Unmatched: Wave全体回復・中
DEBUG, 2018-07-07 17:59:06 -0500| : Unmatched: 経験値↑大
DEBUG, 2018-07-07 17:59:06 -0500| : Unmatched: 火効果↑中
DEBUG, 2018-07-07 17:59:06 -0500| : Unmatched: 通常攻撃効果↑中
DEBUG, 2018-07-07 17:59:06 -0500| : Unmatched: ピンチ防御↑中
DEBUG, 2018-07-07 17:59:06 -0500| : Unmatched: 回復量↑中
DEBUG, 2018-07-07 17:59:06 -0500| : Unmatched: 地下迷宮の加護
DEBUG, 2018-07-07 17:59:06 -0500| : Unmatched: ウェイクタイム
DEBUG, 2018-07-07 17:59:06 -0500| : Unmatched: 移動速度↑中
DEBUG, 2018-07-07 17:59:06 -0500| : Unmatched: 毒効果・中
DEBUG, 2018-07-07 17:59:06 -0500| : Unmatched: PT氷耐性↑中
DEBUG, 2018-07-07 17:59:06 -0500| : Unmatched: 闇耐性↑中
DEBUG, 2018-07-07 17:59:06 -0500| : Unmatched: スタン効果・中
DEBUG, 2018-07-07 17:59:06 -0500| : Unmatched: 背後防御↑中
DEBUG, 2018-07-07 17:59:06 -0500| : Unmatched: 撃破攻撃↑中
DEBUG, 2018-07-07 17:59:06 -0500| : Unmatched: 雷効果↑小
DEBUG, 2018-07-07 17:59:06 -0500| : Unmatched: 火効果↑小
DEBUG, 2018-07-07 17:59:06 -0500| : Unmatched: GOLD↑小
DEBUG, 2018-07-07 18:05:00 -0500| : Unmatched: ｶﾞｰﾄﾞ+ﾊﾞｰｽﾄｱｰﾏｰ
DEBUG, 2018-07-07 18:05:00 -0500| : Unmatched: GN雷効果↑
DEBUG, 2018-07-07 18:05:00 -0500| : Unmatched: 的中
DEBUG, 2018-07-07 18:05:00 -0500| : Unmatched: 予知
DEBUG, 2018-07-07 18:05:00 -0500| : Unmatched: ﾊﾞｰｽﾄﾊﾟﾘｨ+防御↑
DEBUG, 2018-07-07 18:05:00 -0500| : Unmatched: バレットアーマー
DEBUG, 2018-07-07 18:05:00 -0500| : Unmatched: フルチャージ+凍え
DEBUG, 2018-07-07 18:05:00 -0500| : Unmatched: 凍え追撃↑大
DEBUG, 2018-07-07 18:05:00 -0500| : Unmatched: ガード+体力↑
DEBUG, 2018-07-07 18:05:00 -0500| : Unmatched: 喧嘩上等
DEBUG, 2018-07-07 18:05:00 -0500| : Unmatched: フルチャージ+防御
DEBUG, 2018-07-07 18:05:00 -0500| : Unmatched: ST火効果↑中
DEBUG, 2018-07-07 18:05:00 -0500| : Unmatched: インファイト+体
DEBUG, 2018-07-07 18:05:00 -0500| : Unmatched: 状態異常無効
DEBUG, 2018-07-07 18:05:00 -0500| : Unmatched: リジェネ・大
DEBUG, 2018-07-07 18:05:00 -0500| : Unmatched: AH動物体力↑
DEBUG, 2018-07-07 18:05:00 -0500| : Unmatched: ガード+スタン
DEBUG, 2018-07-07 18:05:00 -0500| : Unmatched: AH王族攻撃↑
DEBUG, 2018-07-07 18:05:00 -0500| : Unmatched: 必殺装填×３
DEBUG, 2018-07-07 18:05:00 -0500| : Unmatched: AH動物攻撃↑
DEBUG, 2018-07-07 18:05:00 -0500| : Unmatched: ガード+堅守
DEBUG, 2018-07-07 18:05:00 -0500| : Unmatched: 会心・大
DEBUG, 2018-07-07 18:05:00 -0500| : Unmatched: コンボ攻撃↑大
DEBUG, 2018-07-07 18:05:00 -0500| : Unmatched: 悠久の刻
DEBUG, 2018-07-07 18:05:00 -0500| : Unmatched: ｲﾝﾌｧｲﾄ+ｽﾀﾝ
DEBUG, 2018-07-07 18:05:00 -0500| : Unmatched: 美獣
DEBUG, 2018-07-07 18:05:00 -0500| : Unmatched: 悲哀
DEBUG, 2018-07-07 18:05:00 -0500| : Unmatched: ガード+攻撃↑
DEBUG, 2018-07-07 18:05:00 -0500| : Unmatched: 撃砕
DEBUG, 2018-07-07 18:05:00 -0500| : Unmatched: 闇効果↑大
DEBUG, 2018-07-07 18:05:00 -0500| : Unmatched: 殲滅
DEBUG, 2018-07-07 18:05:00 -0500| : Unmatched: ロング攻撃↑大
DEBUG, 2018-07-07 18:05:00 -0500| : Unmatched: GN火効果↑
DEBUG, 2018-07-07 18:05:00 -0500| : Unmatched: 撃破攻撃↑大
DEBUG, 2018-07-07 18:05:00 -0500| : Unmatched: Wave全体回復・大
DEBUG, 2018-07-07 18:05:00 -0500| : Unmatched: マジカルナイト
DEBUG, 2018-07-07 18:05:00 -0500| : Unmatched: バースト攻撃↑大
DEBUG, 2018-07-07 18:05:00 -0500| : Unmatched: リジェネ・中
DEBUG, 2018-07-07 18:05:00 -0500| : Unmatched: スタン効果・大
DEBUG, 2018-07-07 18:05:00 -0500| : Unmatched: 接触攻撃↑大
DEBUG, 2018-07-07 18:05:00 -0500| : Unmatched: 火傷効果・大
DEBUG, 2018-07-07 18:05:00 -0500| : Unmatched: ﾛｲﾔﾙｽﾄﾚｰﾄﾌﾗｯｼｭ
DEBUG, 2018-07-07 18:05:00 -0500| : Unmatched: パリィ+スタン
DEBUG, 2018-07-07 18:05:00 -0500| : Unmatched: ジャイアントキル
DEBUG, 2018-07-07 18:05:00 -0500| : Unmatched: ガード+光効果↑
DEBUG, 2018-07-07 18:05:00 -0500| : Unmatched: Wave必殺装填・大
DEBUG, 2018-07-07 18:05:00 -0500| : Unmatched: 粛清
DEBUG, 2018-07-07 18:05:00 -0500| : Unmatched: ガード+防御↑
DEBUG, 2018-07-07 18:05:00 -0500| : Unmatched: 移動速度↑大
DEBUG, 2018-07-07 18:05:00 -0500| : Unmatched: 凍え強化
DEBUG, 2018-07-07 18:05:00 -0500| : Unmatched: 氷の心
DEBUG, 2018-07-07 18:05:00 -0500| : Unmatched: 執念
DEBUG, 2018-07-07 18:05:00 -0500| : Unmatched: 逆境の愛
DEBUG, 2018-07-07 18:05:00 -0500| : Unmatched: 追撃↑大
DEBUG, 2018-07-07 18:05:00 -0500| : Unmatched: 隠し棘
DEBUG, 2018-07-07 18:05:00 -0500| : Unmatched: インファイト+灰塵
DEBUG, 2018-07-07 18:05:00 -0500| : Unmatched: 火傷追撃↑大
DEBUG, 2018-07-07 18:05:00 -0500| : Unmatched: Wave緊急回復・大
DEBUG, 2018-07-07 18:05:00 -0500| : Unmatched: スノーベール
DEBUG, 2018-07-07 18:05:00 -0500| : Unmatched: 麻痺効果・大
DEBUG, 2018-07-07 18:05:00 -0500| : Unmatched: ガード+雷効果↑
DEBUG, 2018-07-07 18:05:00 -0500| : Unmatched: 麻痺追撃↑大
DEBUG, 2018-07-07 18:05:00 -0500| : Unmatched: ﾌﾙﾁｬｰｼﾞ+ｽﾀﾝ
DEBUG, 2018-07-07 18:05:00 -0500| : Unmatched: コンボ作戦
DEBUG, 2018-07-07 18:05:00 -0500| : Unmatched: 攻撃↑小
DEBUG, 2018-07-07 18:05:00 -0500| : Unmatched: コンボ攻撃↑小
DEBUG, 2018-07-07 18:05:00 -0500| : Unmatched: インファイト
DEBUG, 2018-07-07 18:05:00 -0500| : Unmatched: DF防御↑小
DEBUG, 2018-07-07 18:05:00 -0500| : Unmatched: フルチャージ
DEBUG, 2018-07-07 18:05:00 -0500| : Unmatched: 移動速度↑小
DEBUG, 2018-07-07 18:05:00 -0500| : Unmatched: 闇効果↑小
DEBUG, 2018-07-07 18:05:00 -0500| : Unmatched: 撃破HP回復・小
DEBUG, 2018-07-07 18:05:00 -0500| : Unmatched: ガード
DEBUG, 2018-07-07 18:05:00 -0500| : Unmatched: 初撃↑小
DEBUG, 2018-07-07 18:05:00 -0500| : Unmatched: 光効果↑中
DEBUG, 2018-07-07 18:05:00 -0500| : Unmatched: ヘビーUP
DEBUG, 2018-07-07 18:05:00 -0500| : Unmatched: 闘級経験値↑中
DEBUG, 2018-07-07 18:05:00 -0500| : Unmatched: 雷効果↑中
DEBUG, 2018-07-07 18:05:00 -0500| : Unmatched: バレット攻撃↑小
DEBUG, 2018-07-07 18:05:00 -0500| : Unmatched: 闇効果↑中
DEBUG, 2018-07-07 18:05:00 -0500| : Unmatched: 補助効果延長・中
DEBUG, 2018-07-07 18:05:00 -0500| : Unmatched: Wave攻撃↑中
DEBUG, 2018-07-07 18:05:00 -0500| : Unmatched: 経験値↑中
DEBUG, 2018-07-07 18:05:00 -0500| : Unmatched: ロング攻撃↑小
DEBUG, 2018-07-07 18:05:00 -0500| : Unmatched: 追撃↑小
DEBUG, 2018-07-07 18:05:00 -0500| : Unmatched: 背後攻撃↑小
DEBUG, 2018-07-07 18:05:00 -0500| : Unmatched: 接触攻撃↑小
DEBUG, 2018-07-07 18:05:00 -0500| : Unmatched: 攻撃必殺装填・小
DEBUG, 2018-07-07 18:05:00 -0500| : Unmatched: ドロップ↑中
DEBUG, 2018-07-07 18:05:00 -0500| : Unmatched: リジェネ・小
DEBUG, 2018-07-07 18:05:00 -0500| : Unmatched: 氷効果↑小
DEBUG, 2018-07-07 18:05:00 -0500| : Unmatched: GOLD↑中
DEBUG, 2018-07-07 18:05:00 -0500| : Unmatched: Wave必殺装填・小
DEBUG, 2018-07-07 18:05:00 -0500| : Unmatched: 攻撃必殺効果↑中
DEBUG, 2018-07-07 18:05:00 -0500| : Unmatched: 必殺装填×２
DEBUG, 2018-07-07 18:05:00 -0500| : Unmatched: ロング攻撃↑中
DEBUG, 2018-07-07 18:05:00 -0500| : Unmatched: PT回復量↑中
DEBUG, 2018-07-07 18:05:00 -0500| : Unmatched: フルチャージ+移動
DEBUG, 2018-07-07 18:05:00 -0500| : Unmatched: PTﾊﾞﾚｯﾄ攻撃↑小
DEBUG, 2018-07-07 18:05:00 -0500| : Unmatched: Wave必殺装填・中
DEBUG, 2018-07-07 18:05:00 -0500| : Unmatched: フルチャージ+火
DEBUG, 2018-07-07 18:05:00 -0500| : Unmatched: ピンチ強化↑大
DEBUG, 2018-07-07 18:05:00 -0500| : Unmatched: AT攻撃↑中
DEBUG, 2018-07-07 18:05:00 -0500| : Unmatched: 毒効果・大
DEBUG, 2018-07-07 18:05:00 -0500| : Unmatched: 毒強化
DEBUG, 2018-07-07 18:05:00 -0500| : Unmatched: DF攻撃↑中
DEBUG, 2018-07-07 18:05:00 -0500| : Unmatched: 攻撃必殺効果↑大
DEBUG, 2018-07-07 18:05:00 -0500| : Unmatched: ガード+氷効果↑
DEBUG, 2018-07-07 18:05:00 -0500| : Unmatched: 氷効果↑大
DEBUG, 2018-07-07 18:05:00 -0500| : Unmatched: 体力最大攻撃↑大
DEBUG, 2018-07-07 18:05:00 -0500| : Unmatched: PT火効果↑中
DEBUG, 2018-07-07 18:05:00 -0500| : Unmatched: パリィ+攻撃↑
DEBUG, 2018-07-07 18:05:00 -0500| : Unmatched: 通常攻撃効果↑大
DEBUG, 2018-07-07 18:05:00 -0500| : Unmatched: AT闇効果↑中
DEBUG, 2018-07-07 18:05:00 -0500| : Unmatched: インファイト+雷
DEBUG, 2018-07-07 18:05:00 -0500| : Unmatched: PT接触攻撃↑小
DEBUG, 2018-07-07 18:05:00 -0500| : Unmatched: DF光効果↑中
DEBUG, 2018-07-07 18:05:00 -0500| : Unmatched: ST攻撃↑中
DEBUG, 2018-07-07 18:05:00 -0500| : Unmatched: HL攻撃↑中
DEBUG, 2018-07-07 18:05:00 -0500| : Unmatched: 光効果↑大
DEBUG, 2018-07-07 18:05:00 -0500| : Unmatched: 撃破HP回復・大
DEBUG, 2018-07-07 18:05:00 -0500| : Unmatched: GN闇効果↑
DEBUG, 2018-07-07 18:05:00 -0500| : Unmatched: GN光効果↑
DEBUG, 2018-07-07 18:05:00 -0500| : Unmatched: 排除
DEBUG, 2018-07-07 18:05:00 -0500| : Unmatched: ガード+闇効果↑
DEBUG, 2018-07-07 18:05:00 -0500| : Unmatched: 虚勢
DEBUG, 2018-07-07 18:05:00 -0500| : Unmatched: 雷効果↑大
DEBUG, 2018-07-07 18:05:00 -0500| : Unmatched: 雷壁
DEBUG, 2018-07-07 18:05:00 -0500| : Unmatched: ガード+凍え
DEBUG, 2018-07-07 18:05:00 -0500| : Unmatched: ホーリーナイト
DEBUG, 2018-07-07 18:05:00 -0500| : Unmatched: 毒追撃↑大
DEBUG, 2018-07-07 18:05:00 -0500| : Unmatched: フルチャージ+攻撃
DEBUG, 2018-07-07 18:05:00 -0500| : Unmatched: 勇猛
DEBUG, 2018-07-07 18:05:00 -0500| : Unmatched: 野心
DEBUG, 2018-07-07 18:05:00 -0500| : Unmatched: 陰鬱
DEBUG, 2018-07-07 18:05:00 -0500| : Unmatched: 盲信
DEBUG, 2018-07-07 18:05:00 -0500| : Unmatched: 癒しの薔薇
DEBUG, 2018-07-07 18:05:00 -0500| : Unmatched: 渇求
DEBUG, 2018-07-07 18:05:00 -0500| : Unmatched: インファイト+光
DEBUG, 2018-07-07 18:05:00 -0500| : Unmatched: 猛追
DEBUG, 2018-07-07 18:05:00 -0500| : Unmatched: ガード+火傷
DEBUG, 2018-07-07 18:05:00 -0500| : Unmatched: 火効果↑大
DEBUG, 2018-07-07 18:05:00 -0500| : Unmatched: 凍え効果・大
DEBUG, 2018-07-07 18:05:00 -0500| : Unmatched: 暗躍
DEBUG, 2018-07-07 18:05:00 -0500| : Unmatched: 剣聖
DEBUG, 2018-07-07 18:05:00 -0500| : Unmatched: マッド・ティーPT
DEBUG, 2018-07-07 18:05:00 -0500| : Unmatched: ランタンの炎
DEBUG, 2018-07-07 18:05:00 -0500| : Unmatched: 会心の一撃！！
DEBUG, 2018-07-07 18:05:00 -0500| : Unmatched: 攻撃HP回復・大
DEBUG, 2018-07-07 18:05:00 -0500| : Unmatched: フルチャージ+灰塵
DEBUG, 2018-07-07 18:05:00 -0500| : Unmatched: インファイト+毒
DEBUG, 2018-07-07 18:05:00 -0500| : Unmatched: 悲劇
DEBUG, 2018-07-07 18:05:00 -0500| : Unmatched: ガード+腐毒
DEBUG, 2018-07-07 18:05:00 -0500| : Unmatched: スタート防御↑大
DEBUG, 2018-07-07 18:05:00 -0500| : Unmatched: スタン追撃↑大
DEBUG, 2018-07-07 18:05:00 -0500| : Unmatched: スタート攻撃↑大
DEBUG, 2018-07-07 18:05:00 -0500| : Unmatched: PT体力↑中
DEBUG, 2018-07-07 18:05:00 -0500| : Unmatched: インファイト+攻
DEBUG, 2018-07-07 18:05:00 -0500| : Unmatched: バトルシェード
DEBUG, 2018-07-07 18:05:00 -0500| : Unmatched: ビッグWave
DEBUG, 2018-07-07 18:05:00 -0500| : Unmatched: フルチャージ+光
DEBUG, 2018-07-07 18:05:00 -0500| : Unmatched: ウェイクアップ！
DEBUG, 2018-07-07 18:05:00 -0500| : Unmatched: 反撃ロゼット
DEBUG, 2018-07-07 18:05:00 -0500| : Unmatched: 抵抗ロゼット
DEBUG, 2018-07-07 18:05:00 -0500| : Unmatched: 悲劇の予兆
DEBUG, 2018-07-07 18:05:00 -0500| : Unmatched: インファイト+氷
DEBUG, 2018-07-07 18:05:00 -0500| : Unmatched: 背後攻撃↑大
DEBUG, 2018-07-07 18:05:00 -0500| : Unmatched: 補助効果延長・大
DEBUG, 2018-07-07 18:05:00 -0500| : Unmatched: マネーアップ
DEBUG, 2018-07-07 18:05:00 -0500| : Unmatched: 臨機応変
DEBUG, 2018-07-07 18:05:00 -0500| : Unmatched: 自棄
DEBUG, 2018-07-07 18:05:00 -0500| : Unmatched: ガード+狂雷
DEBUG, 2018-07-07 18:05:00 -0500| : Unmatched: リジェネ・傲慢
DEBUG, 2018-07-07 18:05:00 -0500| : Unmatched: ガード+火効果↑
DEBUG, 2018-07-07 18:05:00 -0500| : Unmatched: フルチャージ+体力
DEBUG, 2018-07-07 18:05:00 -0500| : Unmatched: 不屈
DEBUG, 2018-07-07 18:05:00 -0500| : Unmatched: イリュージョン
DEBUG, 2018-07-07 18:05:00 -0500| : Unmatched: ドロップ↑大
DEBUG, 2018-07-07 18:05:00 -0500| : Unmatched: 純愛スナイパー
DEBUG, 2018-07-07 18:05:00 -0500| : Unmatched: インファイト+火
DEBUG, 2018-07-07 18:05:00 -0500| : Unmatched: 仙人の境地
DEBUG, 2018-07-07 18:05:00 -0500| : Unmatched: バーストアーマー
DEBUG, 2018-07-07 18:05:00 -0500| : Unmatched: 初撃↑大
DEBUG, 2018-07-07 18:05:00 -0500| : Unmatched: 必殺技効果↑大
DEBUG, 2018-07-07 18:05:00 -0500| : Unmatched: ヒートブレイズ
DEBUG, 2018-07-07 18:05:00 -0500| : Unmatched: 電光石火
DEBUG, 2018-07-07 18:05:00 -0500| : Unmatched: もふもふ
DEBUG, 2018-07-07 18:05:00 -0500| : Unmatched: アイスブレード
DEBUG, 2018-07-07 18:05:00 -0500| : Unmatched: 麻痺強化
DEBUG, 2018-07-07 18:05:00 -0500| : Unmatched: フローラルガード
DEBUG, 2018-07-07 18:05:00 -0500| : Unmatched: 苦難の愛
DEBUG, 2018-07-07 18:05:00 -0500| : Unmatched: ラァァブアタック
DEBUG, 2018-07-07 18:05:00 -0500| : Unmatched: インファイト+移
DEBUG, 2018-07-07 18:05:00 -0500| : Unmatched: 幻想の炎
DEBUG, 2018-07-07 18:05:00 -0500| : Unmatched: 火傷強化
DEBUG, 2018-07-07 18:05:00 -0500| : Unmatched: エメラルドエッジ
DEBUG, 2018-07-07 18:05:00 -0500| : Unmatched: ターミネート
DEBUG, 2018-07-07 18:05:00 -0500| : Unmatched: ピンチ攻撃↑大
DEBUG, 2018-07-07 18:05:00 -0500| : Unmatched: 死神の契約
DEBUG, 2018-07-07 18:05:00 -0500| : Unmatched: AT体力↑大
DEBUG, 2018-07-07 18:05:00 -0500| : Unmatched: Wave攻撃↑大
DEBUG, 2018-07-07 18:05:00 -0500| : Unmatched: インファイト+防
DEBUG, 2018-07-07 18:05:00 -0500| : Unmatched: ガード+移動↑
DEBUG, 2018-07-07 18:05:00 -0500| : Unmatched: 弟子思い
DEBUG, 2018-07-07 18:05:00 -0500| : Unmatched: ST移動速度↑中
DEBUG, 2018-07-07 18:05:00 -0500| : Unmatched: ガード+暴力
DEBUG, 2018-07-07 18:05:00 -0500| : Unmatched: 接触防御↑大
DEBUG, 2018-07-07 18:05:00 -0500| : Unmatched: 仮面
DEBUG, 2018-07-07 18:05:00 -0500| : Unmatched: バースト防御↑大
DEBUG, 2018-07-07 18:05:00 -0500| : Unmatched: たまご肌
DEBUG, 2018-07-07 18:05:00 -0500| : Unmatched: 命知らず
DEBUG, 2018-07-07 18:05:00 -0500| : Unmatched: 極寒
DEBUG, 2018-07-07 18:05:00 -0500| : Unmatched: いたずらマニア
DEBUG, 2018-07-07 18:05:00 -0500| : Unmatched: 凍え効果・中
DEBUG, 2018-07-07 18:05:00 -0500| : Unmatched: ピンチ強化↑中
DEBUG, 2018-07-07 18:05:00 -0500| : Unmatched: 攻撃中防御↑中
DEBUG, 2018-07-07 18:05:00 -0500| : Unmatched: ダークサイド
DEBUG, 2018-07-07 18:05:00 -0500| : Unmatched: 攻撃↑大
DEBUG, 2018-07-07 18:05:00 -0500| : Unmatched: アイスワルツ
DEBUG, 2018-07-07 18:05:00 -0500| : Unmatched: 氷耐性↑大
DEBUG, 2018-07-07 18:05:00 -0500| : Unmatched: 奇襲
DEBUG, 2018-07-07 18:05:00 -0500| : Unmatched: 暴食
DEBUG, 2018-07-07 18:05:00 -0500| : Unmatched: ガード+獄炎
DEBUG, 2018-07-07 18:05:00 -0500| : Unmatched: 冷酷
DEBUG, 2018-07-07 18:05:00 -0500| : Unmatched: 初撃↑中
DEBUG, 2018-07-07 18:05:00 -0500| : Unmatched: 必殺技効果↑中
DEBUG, 2018-07-07 18:05:00 -0500| : Unmatched: 天賦の才
DEBUG, 2018-07-07 18:05:00 -0500| : Unmatched: 攻撃中防御↑大
DEBUG, 2018-07-07 18:05:00 -0500| : Unmatched: ブレイヴベール
DEBUG, 2018-07-07 18:05:00 -0500| : Unmatched: フルムーン
DEBUG, 2018-07-07 18:05:00 -0500| : Unmatched: 氷効果↑中
DEBUG, 2018-07-07 18:05:00 -0500| : Unmatched: 凍え追撃↑中
DEBUG, 2018-07-07 18:05:00 -0500| : Unmatched: 追撃↑中
DEBUG, 2018-07-07 18:05:00 -0500| : Unmatched: 背後攻撃↑中
DEBUG, 2018-07-07 18:05:00 -0500| : Unmatched: ピンチ移動↑大
DEBUG, 2018-07-07 18:05:00 -0500| : Unmatched: トリックスター
DEBUG, 2018-07-07 18:05:00 -0500| : Unmatched: 妖精妃の英知
DEBUG, 2018-07-07 18:05:00 -0500| : Unmatched: 妖精王の威光
DEBUG, 2018-07-07 18:05:00 -0500| : Unmatched: オールナイト
DEBUG, 2018-07-07 18:05:00 -0500| : Unmatched: マジックアワー
DEBUG, 2018-07-07 18:05:00 -0500| : Unmatched: HL体力↑中
DEBUG, 2018-07-07 18:05:00 -0500| : Unmatched: ピンチ攻撃↑中
DEBUG, 2018-07-07 18:05:00 -0500| : Unmatched: 麻痺効果・中
DEBUG, 2018-07-07 18:05:00 -0500| : Unmatched: 攻撃↑中
DEBUG, 2018-07-07 18:05:00 -0500| : Unmatched: コンボ攻撃↑中
DEBUG, 2018-07-07 18:05:00 -0500| : Unmatched: 麻痺追撃↑中
DEBUG, 2018-07-07 18:05:00 -0500| : Unmatched: 火傷追撃↑中
DEBUG, 2018-07-07 18:05:00 -0500| : Unmatched: お調子者
DEBUG, 2018-07-07 18:05:00 -0500| : Unmatched: 撃破HP回復・中
DEBUG, 2018-07-07 18:05:00 -0500| : Unmatched: Wave緊急回復・中
DEBUG, 2018-07-07 18:05:00 -0500| : Unmatched: PT闇耐性↑中
DEBUG, 2018-07-07 18:05:00 -0500| : Unmatched: 体力↑中
DEBUG, 2018-07-07 18:05:00 -0500| : Unmatched: Wave全体回復・中
DEBUG, 2018-07-07 18:05:00 -0500| : Unmatched: 経験値↑大
DEBUG, 2018-07-07 18:05:00 -0500| : Unmatched: 火効果↑中
DEBUG, 2018-07-07 18:05:00 -0500| : Unmatched: 通常攻撃効果↑中
DEBUG, 2018-07-07 18:05:00 -0500| : Unmatched: ピンチ防御↑中
DEBUG, 2018-07-07 18:05:00 -0500| : Unmatched: 回復量↑中
DEBUG, 2018-07-07 18:05:00 -0500| : Unmatched: 地下迷宮の加護
DEBUG, 2018-07-07 18:05:00 -0500| : Unmatched: ウェイクタイム
DEBUG, 2018-07-07 18:05:00 -0500| : Unmatched: 移動速度↑中
DEBUG, 2018-07-07 18:05:00 -0500| : Unmatched: 毒効果・中
DEBUG, 2018-07-07 18:05:00 -0500| : Unmatched: PT氷耐性↑中
DEBUG, 2018-07-07 18:05:00 -0500| : Unmatched: 闇耐性↑中
DEBUG, 2018-07-07 18:05:00 -0500| : Unmatched: スタン効果・中
DEBUG, 2018-07-07 18:05:00 -0500| : Unmatched: 背後防御↑中
DEBUG, 2018-07-07 18:05:00 -0500| : Unmatched: 撃破攻撃↑中
DEBUG, 2018-07-07 18:05:00 -0500| : Unmatched: 雷効果↑小
DEBUG, 2018-07-07 18:05:00 -0500| : Unmatched: 火効果↑小
DEBUG, 2018-07-07 18:05:00 -0500| : Unmatched: GOLD↑小
DEBUG, 2018-07-07 18:08:05 -0500| : Unmatched: ｶﾞｰﾄﾞ+ﾊﾞｰｽﾄｱｰﾏｰ
DEBUG, 2018-07-07 18:08:05 -0500| : Unmatched: GN雷効果↑
DEBUG, 2018-07-07 18:08:05 -0500| : Unmatched: 的中
DEBUG, 2018-07-07 18:08:05 -0500| : Unmatched: 予知
DEBUG, 2018-07-07 18:08:05 -0500| : Unmatched: ﾊﾞｰｽﾄﾊﾟﾘｨ+防御↑
DEBUG, 2018-07-07 18:08:05 -0500| : Unmatched: バレットアーマー
DEBUG, 2018-07-07 18:08:05 -0500| : Unmatched: フルチャージ+凍え
DEBUG, 2018-07-07 18:08:05 -0500| : Unmatched: 凍え追撃↑大
DEBUG, 2018-07-07 18:08:05 -0500| : Unmatched: ガード+体力↑
DEBUG, 2018-07-07 18:08:05 -0500| : Unmatched: 喧嘩上等
DEBUG, 2018-07-07 18:08:05 -0500| : Unmatched: フルチャージ+防御
DEBUG, 2018-07-07 18:08:05 -0500| : Unmatched: ST火効果↑中
DEBUG, 2018-07-07 18:08:05 -0500| : Unmatched: インファイト+体
DEBUG, 2018-07-07 18:08:05 -0500| : Unmatched: 状態異常無効
DEBUG, 2018-07-07 18:08:05 -0500| : Unmatched: リジェネ・大
DEBUG, 2018-07-07 18:08:05 -0500| : Unmatched: AH動物体力↑
DEBUG, 2018-07-07 18:08:05 -0500| : Unmatched: ガード+スタン
DEBUG, 2018-07-07 18:08:05 -0500| : Unmatched: AH王族攻撃↑
DEBUG, 2018-07-07 18:08:05 -0500| : Unmatched: 必殺装填×３
DEBUG, 2018-07-07 18:08:05 -0500| : Unmatched: AH動物攻撃↑
DEBUG, 2018-07-07 18:08:05 -0500| : Unmatched: ガード+堅守
DEBUG, 2018-07-07 18:08:05 -0500| : Unmatched: 会心・大
DEBUG, 2018-07-07 18:08:05 -0500| : Unmatched: コンボ攻撃↑大
DEBUG, 2018-07-07 18:08:05 -0500| : Unmatched: 悠久の刻
DEBUG, 2018-07-07 18:08:05 -0500| : Unmatched: ｲﾝﾌｧｲﾄ+ｽﾀﾝ
DEBUG, 2018-07-07 18:08:05 -0500| : Unmatched: 美獣
DEBUG, 2018-07-07 18:08:05 -0500| : Unmatched: 悲哀
DEBUG, 2018-07-07 18:08:05 -0500| : Unmatched: ガード+攻撃↑
DEBUG, 2018-07-07 18:08:05 -0500| : Unmatched: 撃砕
DEBUG, 2018-07-07 18:08:05 -0500| : Unmatched: 闇効果↑大
DEBUG, 2018-07-07 18:08:05 -0500| : Unmatched: 殲滅
DEBUG, 2018-07-07 18:08:05 -0500| : Unmatched: ロング攻撃↑大
DEBUG, 2018-07-07 18:08:05 -0500| : Unmatched: GN火効果↑
DEBUG, 2018-07-07 18:08:05 -0500| : Unmatched: 撃破攻撃↑大
DEBUG, 2018-07-07 18:08:05 -0500| : Unmatched: Wave全体回復・大
DEBUG, 2018-07-07 18:08:05 -0500| : Unmatched: マジカルナイト
DEBUG, 2018-07-07 18:08:05 -0500| : Unmatched: バースト攻撃↑大
DEBUG, 2018-07-07 18:08:05 -0500| : Unmatched: リジェネ・中
DEBUG, 2018-07-07 18:08:05 -0500| : Unmatched: スタン効果・大
DEBUG, 2018-07-07 18:08:05 -0500| : Unmatched: 接触攻撃↑大
DEBUG, 2018-07-07 18:08:05 -0500| : Unmatched: 火傷効果・大
DEBUG, 2018-07-07 18:08:05 -0500| : Unmatched: ﾛｲﾔﾙｽﾄﾚｰﾄﾌﾗｯｼｭ
DEBUG, 2018-07-07 18:08:05 -0500| : Unmatched: パリィ+スタン
DEBUG, 2018-07-07 18:08:05 -0500| : Unmatched: ジャイアントキル
DEBUG, 2018-07-07 18:08:05 -0500| : Unmatched: ガード+光効果↑
DEBUG, 2018-07-07 18:08:05 -0500| : Unmatched: Wave必殺装填・大
DEBUG, 2018-07-07 18:08:05 -0500| : Unmatched: 粛清
DEBUG, 2018-07-07 18:08:05 -0500| : Unmatched: ガード+防御↑
DEBUG, 2018-07-07 18:08:05 -0500| : Unmatched: 移動速度↑大
DEBUG, 2018-07-07 18:08:05 -0500| : Unmatched: 凍え強化
DEBUG, 2018-07-07 18:08:05 -0500| : Unmatched: 氷の心
DEBUG, 2018-07-07 18:08:05 -0500| : Unmatched: 執念
DEBUG, 2018-07-07 18:08:05 -0500| : Unmatched: 逆境の愛
DEBUG, 2018-07-07 18:08:05 -0500| : Unmatched: 追撃↑大
DEBUG, 2018-07-07 18:08:05 -0500| : Unmatched: 隠し棘
DEBUG, 2018-07-07 18:08:05 -0500| : Unmatched: インファイト+灰塵
DEBUG, 2018-07-07 18:08:05 -0500| : Unmatched: 火傷追撃↑大
DEBUG, 2018-07-07 18:08:05 -0500| : Unmatched: Wave緊急回復・大
DEBUG, 2018-07-07 18:08:05 -0500| : Unmatched: スノーベール
DEBUG, 2018-07-07 18:08:05 -0500| : Unmatched: 麻痺効果・大
DEBUG, 2018-07-07 18:08:05 -0500| : Unmatched: ガード+雷効果↑
DEBUG, 2018-07-07 18:08:05 -0500| : Unmatched: 麻痺追撃↑大
DEBUG, 2018-07-07 18:08:05 -0500| : Unmatched: ﾌﾙﾁｬｰｼﾞ+ｽﾀﾝ
DEBUG, 2018-07-07 18:08:05 -0500| : Unmatched: コンボ作戦
DEBUG, 2018-07-07 18:08:05 -0500| : Unmatched: 攻撃↑小
DEBUG, 2018-07-07 18:08:05 -0500| : Unmatched: コンボ攻撃↑小
DEBUG, 2018-07-07 18:08:05 -0500| : Unmatched: インファイト
DEBUG, 2018-07-07 18:08:05 -0500| : Unmatched: DF防御↑小
DEBUG, 2018-07-07 18:08:05 -0500| : Unmatched: フルチャージ
DEBUG, 2018-07-07 18:08:05 -0500| : Unmatched: 移動速度↑小
DEBUG, 2018-07-07 18:08:05 -0500| : Unmatched: 闇効果↑小
DEBUG, 2018-07-07 18:08:05 -0500| : Unmatched: 撃破HP回復・小
DEBUG, 2018-07-07 18:08:05 -0500| : Unmatched: ガード
DEBUG, 2018-07-07 18:08:05 -0500| : Unmatched: 初撃↑小
DEBUG, 2018-07-07 18:08:05 -0500| : Unmatched: 光効果↑中
DEBUG, 2018-07-07 18:08:05 -0500| : Unmatched: ヘビーUP
DEBUG, 2018-07-07 18:08:05 -0500| : Unmatched: 闘級経験値↑中
DEBUG, 2018-07-07 18:08:05 -0500| : Unmatched: 雷効果↑中
DEBUG, 2018-07-07 18:08:05 -0500| : Unmatched: バレット攻撃↑小
DEBUG, 2018-07-07 18:08:05 -0500| : Unmatched: 闇効果↑中
DEBUG, 2018-07-07 18:08:05 -0500| : Unmatched: 補助効果延長・中
DEBUG, 2018-07-07 18:08:05 -0500| : Unmatched: Wave攻撃↑中
DEBUG, 2018-07-07 18:08:05 -0500| : Unmatched: 経験値↑中
DEBUG, 2018-07-07 18:08:05 -0500| : Unmatched: ロング攻撃↑小
DEBUG, 2018-07-07 18:08:05 -0500| : Unmatched: 追撃↑小
DEBUG, 2018-07-07 18:08:05 -0500| : Unmatched: 背後攻撃↑小
DEBUG, 2018-07-07 18:08:05 -0500| : Unmatched: 接触攻撃↑小
DEBUG, 2018-07-07 18:08:05 -0500| : Unmatched: 攻撃必殺装填・小
DEBUG, 2018-07-07 18:08:05 -0500| : Unmatched: ドロップ↑中
DEBUG, 2018-07-07 18:08:05 -0500| : Unmatched: リジェネ・小
DEBUG, 2018-07-07 18:08:05 -0500| : Unmatched: 氷効果↑小
DEBUG, 2018-07-07 18:08:05 -0500| : Unmatched: GOLD↑中
DEBUG, 2018-07-07 18:08:05 -0500| : Unmatched: Wave必殺装填・小
DEBUG, 2018-07-07 18:08:05 -0500| : Unmatched: 攻撃必殺効果↑中
DEBUG, 2018-07-07 18:08:05 -0500| : Unmatched: 必殺装填×２
DEBUG, 2018-07-07 18:08:05 -0500| : Unmatched: ロング攻撃↑中
DEBUG, 2018-07-07 18:08:05 -0500| : Unmatched: PT回復量↑中
DEBUG, 2018-07-07 18:08:05 -0500| : Unmatched: フルチャージ+移動
DEBUG, 2018-07-07 18:08:05 -0500| : Unmatched: PTﾊﾞﾚｯﾄ攻撃↑小
DEBUG, 2018-07-07 18:08:05 -0500| : Unmatched: Wave必殺装填・中
DEBUG, 2018-07-07 18:08:05 -0500| : Unmatched: フルチャージ+火
DEBUG, 2018-07-07 18:08:05 -0500| : Unmatched: ピンチ強化↑大
DEBUG, 2018-07-07 18:08:05 -0500| : Unmatched: AT攻撃↑中
DEBUG, 2018-07-07 18:08:05 -0500| : Unmatched: 毒効果・大
DEBUG, 2018-07-07 18:08:05 -0500| : Unmatched: 毒強化
DEBUG, 2018-07-07 18:08:05 -0500| : Unmatched: DF攻撃↑中
DEBUG, 2018-07-07 18:08:05 -0500| : Unmatched: 攻撃必殺効果↑大
DEBUG, 2018-07-07 18:08:05 -0500| : Unmatched: ガード+氷効果↑
DEBUG, 2018-07-07 18:08:05 -0500| : Unmatched: 氷効果↑大
DEBUG, 2018-07-07 18:08:05 -0500| : Unmatched: 体力最大攻撃↑大
DEBUG, 2018-07-07 18:08:05 -0500| : Unmatched: PT火効果↑中
DEBUG, 2018-07-07 18:08:05 -0500| : Unmatched: パリィ+攻撃↑
DEBUG, 2018-07-07 18:08:05 -0500| : Unmatched: 通常攻撃効果↑大
DEBUG, 2018-07-07 18:08:05 -0500| : Unmatched: AT闇効果↑中
DEBUG, 2018-07-07 18:08:05 -0500| : Unmatched: インファイト+雷
DEBUG, 2018-07-07 18:08:05 -0500| : Unmatched: PT接触攻撃↑小
DEBUG, 2018-07-07 18:08:05 -0500| : Unmatched: DF光効果↑中
DEBUG, 2018-07-07 18:08:05 -0500| : Unmatched: ST攻撃↑中
DEBUG, 2018-07-07 18:08:05 -0500| : Unmatched: HL攻撃↑中
DEBUG, 2018-07-07 18:08:05 -0500| : Unmatched: 光効果↑大
DEBUG, 2018-07-07 18:08:05 -0500| : Unmatched: 撃破HP回復・大
DEBUG, 2018-07-07 18:08:05 -0500| : Unmatched: GN闇効果↑
DEBUG, 2018-07-07 18:08:05 -0500| : Unmatched: GN光効果↑
DEBUG, 2018-07-07 18:08:05 -0500| : Unmatched: 排除
DEBUG, 2018-07-07 18:08:05 -0500| : Unmatched: ガード+闇効果↑
DEBUG, 2018-07-07 18:08:05 -0500| : Unmatched: 虚勢
DEBUG, 2018-07-07 18:08:05 -0500| : Unmatched: 雷効果↑大
DEBUG, 2018-07-07 18:08:05 -0500| : Unmatched: 雷壁
DEBUG, 2018-07-07 18:08:05 -0500| : Unmatched: ガード+凍え
DEBUG, 2018-07-07 18:08:05 -0500| : Unmatched: ホーリーナイト
DEBUG, 2018-07-07 18:08:05 -0500| : Unmatched: 毒追撃↑大
DEBUG, 2018-07-07 18:08:05 -0500| : Unmatched: フルチャージ+攻撃
DEBUG, 2018-07-07 18:08:05 -0500| : Unmatched: 勇猛
DEBUG, 2018-07-07 18:08:05 -0500| : Unmatched: 野心
DEBUG, 2018-07-07 18:08:05 -0500| : Unmatched: 陰鬱
DEBUG, 2018-07-07 18:08:05 -0500| : Unmatched: 盲信
DEBUG, 2018-07-07 18:08:05 -0500| : Unmatched: 癒しの薔薇
DEBUG, 2018-07-07 18:08:05 -0500| : Unmatched: 渇求
DEBUG, 2018-07-07 18:08:05 -0500| : Unmatched: インファイト+光
DEBUG, 2018-07-07 18:08:05 -0500| : Unmatched: 猛追
DEBUG, 2018-07-07 18:08:05 -0500| : Unmatched: ガード+火傷
DEBUG, 2018-07-07 18:08:05 -0500| : Unmatched: 火効果↑大
DEBUG, 2018-07-07 18:08:05 -0500| : Unmatched: 凍え効果・大
DEBUG, 2018-07-07 18:08:05 -0500| : Unmatched: 暗躍
DEBUG, 2018-07-07 18:08:05 -0500| : Unmatched: 剣聖
DEBUG, 2018-07-07 18:08:05 -0500| : Unmatched: マッド・ティーPT
DEBUG, 2018-07-07 18:08:05 -0500| : Unmatched: ランタンの炎
DEBUG, 2018-07-07 18:08:05 -0500| : Unmatched: 会心の一撃！！
DEBUG, 2018-07-07 18:08:05 -0500| : Unmatched: 攻撃HP回復・大
DEBUG, 2018-07-07 18:08:05 -0500| : Unmatched: フルチャージ+灰塵
DEBUG, 2018-07-07 18:08:05 -0500| : Unmatched: インファイト+毒
DEBUG, 2018-07-07 18:08:05 -0500| : Unmatched: 悲劇
DEBUG, 2018-07-07 18:08:05 -0500| : Unmatched: ガード+腐毒
DEBUG, 2018-07-07 18:08:05 -0500| : Unmatched: スタート防御↑大
DEBUG, 2018-07-07 18:08:05 -0500| : Unmatched: スタン追撃↑大
DEBUG, 2018-07-07 18:08:05 -0500| : Unmatched: スタート攻撃↑大
DEBUG, 2018-07-07 18:08:05 -0500| : Unmatched: PT体力↑中
DEBUG, 2018-07-07 18:08:05 -0500| : Unmatched: インファイト+攻
DEBUG, 2018-07-07 18:08:05 -0500| : Unmatched: バトルシェード
DEBUG, 2018-07-07 18:08:05 -0500| : Unmatched: ビッグWave
DEBUG, 2018-07-07 18:08:05 -0500| : Unmatched: フルチャージ+光
DEBUG, 2018-07-07 18:08:05 -0500| : Unmatched: ウェイクアップ！
DEBUG, 2018-07-07 18:08:05 -0500| : Unmatched: 反撃ロゼット
DEBUG, 2018-07-07 18:08:05 -0500| : Unmatched: 抵抗ロゼット
DEBUG, 2018-07-07 18:08:05 -0500| : Unmatched: 悲劇の予兆
DEBUG, 2018-07-07 18:08:05 -0500| : Unmatched: インファイト+氷
DEBUG, 2018-07-07 18:08:05 -0500| : Unmatched: 背後攻撃↑大
DEBUG, 2018-07-07 18:08:05 -0500| : Unmatched: 補助効果延長・大
DEBUG, 2018-07-07 18:08:05 -0500| : Unmatched: マネーアップ
DEBUG, 2018-07-07 18:08:05 -0500| : Unmatched: 臨機応変
DEBUG, 2018-07-07 18:08:05 -0500| : Unmatched: 自棄
DEBUG, 2018-07-07 18:08:05 -0500| : Unmatched: ガード+狂雷
DEBUG, 2018-07-07 18:08:05 -0500| : Unmatched: リジェネ・傲慢
DEBUG, 2018-07-07 18:08:05 -0500| : Unmatched: ガード+火効果↑
DEBUG, 2018-07-07 18:08:05 -0500| : Unmatched: フルチャージ+体力
DEBUG, 2018-07-07 18:08:05 -0500| : Unmatched: 不屈
DEBUG, 2018-07-07 18:08:05 -0500| : Unmatched: イリュージョン
DEBUG, 2018-07-07 18:08:05 -0500| : Unmatched: ドロップ↑大
DEBUG, 2018-07-07 18:08:05 -0500| : Unmatched: 純愛スナイパー
DEBUG, 2018-07-07 18:08:05 -0500| : Unmatched: インファイト+火
DEBUG, 2018-07-07 18:08:05 -0500| : Unmatched: 仙人の境地
DEBUG, 2018-07-07 18:08:05 -0500| : Unmatched: バーストアーマー
DEBUG, 2018-07-07 18:08:05 -0500| : Unmatched: 初撃↑大
DEBUG, 2018-07-07 18:08:05 -0500| : Unmatched: 必殺技効果↑大
DEBUG, 2018-07-07 18:08:05 -0500| : Unmatched: ヒートブレイズ
DEBUG, 2018-07-07 18:08:05 -0500| : Unmatched: 電光石火
DEBUG, 2018-07-07 18:08:05 -0500| : Unmatched: もふもふ
DEBUG, 2018-07-07 18:08:05 -0500| : Unmatched: アイスブレード
DEBUG, 2018-07-07 18:08:05 -0500| : Unmatched: 麻痺強化
DEBUG, 2018-07-07 18:08:05 -0500| : Unmatched: フローラルガード
DEBUG, 2018-07-07 18:08:05 -0500| : Unmatched: 苦難の愛
DEBUG, 2018-07-07 18:08:05 -0500| : Unmatched: ラァァブアタック
DEBUG, 2018-07-07 18:08:05 -0500| : Unmatched: インファイト+移
DEBUG, 2018-07-07 18:08:05 -0500| : Unmatched: 幻想の炎
DEBUG, 2018-07-07 18:08:05 -0500| : Unmatched: 火傷強化
DEBUG, 2018-07-07 18:08:05 -0500| : Unmatched: エメラルドエッジ
DEBUG, 2018-07-07 18:08:05 -0500| : Unmatched: ターミネート
DEBUG, 2018-07-07 18:08:05 -0500| : Unmatched: ピンチ攻撃↑大
DEBUG, 2018-07-07 18:08:05 -0500| : Unmatched: 死神の契約
DEBUG, 2018-07-07 18:08:05 -0500| : Unmatched: AT体力↑大
DEBUG, 2018-07-07 18:08:05 -0500| : Unmatched: Wave攻撃↑大
DEBUG, 2018-07-07 18:08:05 -0500| : Unmatched: インファイト+防
DEBUG, 2018-07-07 18:08:05 -0500| : Unmatched: ガード+移動↑
DEBUG, 2018-07-07 18:08:05 -0500| : Unmatched: 弟子思い
DEBUG, 2018-07-07 18:08:05 -0500| : Unmatched: ST移動速度↑中
DEBUG, 2018-07-07 18:08:05 -0500| : Unmatched: ガード+暴力
DEBUG, 2018-07-07 18:08:05 -0500| : Unmatched: 接触防御↑大
DEBUG, 2018-07-07 18:08:05 -0500| : Unmatched: 仮面
DEBUG, 2018-07-07 18:08:05 -0500| : Unmatched: バースト防御↑大
DEBUG, 2018-07-07 18:08:05 -0500| : Unmatched: たまご肌
DEBUG, 2018-07-07 18:08:05 -0500| : Unmatched: 命知らず
DEBUG, 2018-07-07 18:08:05 -0500| : Unmatched: 極寒
DEBUG, 2018-07-07 18:08:05 -0500| : Unmatched: いたずらマニア
DEBUG, 2018-07-07 18:08:05 -0500| : Unmatched: 凍え効果・中
DEBUG, 2018-07-07 18:08:05 -0500| : Unmatched: ピンチ強化↑中
DEBUG, 2018-07-07 18:08:05 -0500| : Unmatched: 攻撃中防御↑中
DEBUG, 2018-07-07 18:08:05 -0500| : Unmatched: ダークサイド
DEBUG, 2018-07-07 18:08:05 -0500| : Unmatched: 攻撃↑大
DEBUG, 2018-07-07 18:08:05 -0500| : Unmatched: アイスワルツ
DEBUG, 2018-07-07 18:08:05 -0500| : Unmatched: 氷耐性↑大
DEBUG, 2018-07-07 18:08:05 -0500| : Unmatched: 奇襲
DEBUG, 2018-07-07 18:08:05 -0500| : Unmatched: 暴食
DEBUG, 2018-07-07 18:08:05 -0500| : Unmatched: ガード+獄炎
DEBUG, 2018-07-07 18:08:05 -0500| : Unmatched: 冷酷
DEBUG, 2018-07-07 18:08:05 -0500| : Unmatched: 初撃↑中
DEBUG, 2018-07-07 18:08:05 -0500| : Unmatched: 必殺技効果↑中
DEBUG, 2018-07-07 18:08:05 -0500| : Unmatched: 天賦の才
DEBUG, 2018-07-07 18:08:05 -0500| : Unmatched: 攻撃中防御↑大
DEBUG, 2018-07-07 18:08:05 -0500| : Unmatched: ブレイヴベール
DEBUG, 2018-07-07 18:08:05 -0500| : Unmatched: フルムーン
DEBUG, 2018-07-07 18:08:05 -0500| : Unmatched: 氷効果↑中
DEBUG, 2018-07-07 18:08:05 -0500| : Unmatched: 凍え追撃↑中
DEBUG, 2018-07-07 18:08:05 -0500| : Unmatched: 追撃↑中
DEBUG, 2018-07-07 18:08:05 -0500| : Unmatched: 背後攻撃↑中
DEBUG, 2018-07-07 18:08:05 -0500| : Unmatched: ピンチ移動↑大
DEBUG, 2018-07-07 18:08:05 -0500| : Unmatched: トリックスター
DEBUG, 2018-07-07 18:08:05 -0500| : Unmatched: 妖精妃の英知
DEBUG, 2018-07-07 18:08:05 -0500| : Unmatched: 妖精王の威光
DEBUG, 2018-07-07 18:08:05 -0500| : Unmatched: オールナイト
DEBUG, 2018-07-07 18:08:05 -0500| : Unmatched: マジックアワー
DEBUG, 2018-07-07 18:08:05 -0500| : Unmatched: HL体力↑中
DEBUG, 2018-07-07 18:08:05 -0500| : Unmatched: ピンチ攻撃↑中
DEBUG, 2018-07-07 18:08:05 -0500| : Unmatched: 麻痺効果・中
DEBUG, 2018-07-07 18:08:05 -0500| : Unmatched: 攻撃↑中
DEBUG, 2018-07-07 18:08:05 -0500| : Unmatched: コンボ攻撃↑中
DEBUG, 2018-07-07 18:08:05 -0500| : Unmatched: 麻痺追撃↑中
DEBUG, 2018-07-07 18:08:05 -0500| : Unmatched: 火傷追撃↑中
DEBUG, 2018-07-07 18:08:05 -0500| : Unmatched: お調子者
DEBUG, 2018-07-07 18:08:05 -0500| : Unmatched: 撃破HP回復・中
DEBUG, 2018-07-07 18:08:05 -0500| : Unmatched: Wave緊急回復・中
DEBUG, 2018-07-07 18:08:05 -0500| : Unmatched: PT闇耐性↑中
DEBUG, 2018-07-07 18:08:05 -0500| : Unmatched: 体力↑中
DEBUG, 2018-07-07 18:08:05 -0500| : Unmatched: Wave全体回復・中
DEBUG, 2018-07-07 18:08:05 -0500| : Unmatched: 経験値↑大
DEBUG, 2018-07-07 18:08:05 -0500| : Unmatched: 火効果↑中
DEBUG, 2018-07-07 18:08:05 -0500| : Unmatched: 通常攻撃効果↑中
DEBUG, 2018-07-07 18:08:05 -0500| : Unmatched: ピンチ防御↑中
DEBUG, 2018-07-07 18:08:05 -0500| : Unmatched: 回復量↑中
DEBUG, 2018-07-07 18:08:05 -0500| : Unmatched: 地下迷宮の加護
DEBUG, 2018-07-07 18:08:05 -0500| : Unmatched: ウェイクタイム
DEBUG, 2018-07-07 18:08:05 -0500| : Unmatched: 移動速度↑中
DEBUG, 2018-07-07 18:08:05 -0500| : Unmatched: 毒効果・中
DEBUG, 2018-07-07 18:08:05 -0500| : Unmatched: PT氷耐性↑中
DEBUG, 2018-07-07 18:08:05 -0500| : Unmatched: 闇耐性↑中
DEBUG, 2018-07-07 18:08:05 -0500| : Unmatched: スタン効果・中
DEBUG, 2018-07-07 18:08:05 -0500| : Unmatched: 背後防御↑中
DEBUG, 2018-07-07 18:08:05 -0500| : Unmatched: 撃破攻撃↑中
DEBUG, 2018-07-07 18:08:05 -0500| : Unmatched: 雷効果↑小
DEBUG, 2018-07-07 18:08:05 -0500| : Unmatched: 火効果↑小
DEBUG, 2018-07-07 18:08:05 -0500| : Unmatched: GOLD↑小
